Sat Feb 25 00:53:35 2023: RunParca at /home/ig13470/Documents/wcm_feb2023/wcEcoli/out/manual
{'Arguments': {'cpus': 1,
               'debug_parca': False,
               'description': 'manual',
               'intermediates_directory': None,
               'load_intermediate': None,
               'new_genes': 'vioAE',
               'operons': 'on',
               'remove_rrff': False,
               'remove_rrna_operons': False,
               'ribosome_fitting': True,
               'rnapoly_fitting': True,
               'save_intermediates': False,
               'sim_outdir': 'manual',
               'sim_path': '/home/ig13470/Documents/wcm_feb2023/wcEcoli/out/manual',
               'time': '20230225.005335',
               'timestamp': False,
               'variable_elongation_transcription': True,
               'variable_elongation_translation': False,
               'verbose': False}}
Sat Feb 25 00:53:35 2023: Instantiating raw_data with operons=on
Sat Feb 25 00:53:35 2023: Instantiating raw_data with new_genes=vioAE
Sat Feb 25 00:53:38 2023: Saving raw_data
Sat Feb 25 00:53:39 2023: Calculating sim_data parameters
Ran initialize in 27 s
Ran input_adjustments in 0 s
Fitting RNA synthesis probabilities.
Max derivative (counts) = 0.000002
Max derivative (concentration) = 1911244478.992551
Not running non-linear optimization--using cached result /home/ig13470/Documents/wcm_feb2023/wcEcoli/cache/parca-km-2043604983.cPickle
Convergence (Jacobian) = 0% (<K> = 2441.89060)
Convergence (Jacobian_aux) = 0% (<K> = nan)
Ran basal_specs in 35 s
Fitting RNA synthesis probabilities.
Fitting RNA synthesis probabilities.
Fitting RNA synthesis probabilities.
Fitting RNA synthesis probabilities.
Fitting RNA synthesis probabilities.
Fitting RNA synthesis probabilities.
Fitting RNA synthesis probabilities.
Fitting RNA synthesis probabilities.
Fitting RNA synthesis probabilities.
Fitting RNA synthesis probabilities.
Fitting RNA synthesis probabilities.
Fitting RNA synthesis probabilities.
Fitting RNA synthesis probabilities.
Fitting RNA synthesis probabilities.
Fitting RNA synthesis probabilities.
Fitting RNA synthesis probabilities.
Fitting RNA synthesis probabilities.
Fitting RNA synthesis probabilities.
Fitting RNA synthesis probabilities.
Fitting RNA synthesis probabilities.
Fitting RNA synthesis probabilities.
Fitting RNA synthesis probabilities.
Fitting RNA synthesis probabilities.
Fitting RNA synthesis probabilities.
Fitting RNA synthesis probabilities.
Fitting RNA synthesis probabilities.
Fitting RNA synthesis probabilities.
Fitting RNA synthesis probabilities.
Fitting RNA synthesis probabilities.
Fitting RNA synthesis probabilities.
Fitting RNA synthesis probabilities.
Fitting RNA synthesis probabilities.
Fitting RNA synthesis probabilities.
Fitting RNA synthesis probabilities.
Fitting RNA synthesis probabilities.
Fitting RNA synthesis probabilities.
Fitting RNA synthesis probabilities.
Fitting RNA synthesis probabilities.
Fitting RNA synthesis probabilities.
Fitting RNA synthesis probabilities.
Fitting RNA synthesis probabilities.
Fitting RNA synthesis probabilities.
Fitting RNA synthesis probabilities.
Fitting RNA synthesis probabilities.
Fitting RNA synthesis probabilities.
Fitting RNA synthesis probabilities.
Fitting RNA synthesis probabilities.
Fitting RNA synthesis probabilities.
Fitting RNA synthesis probabilities.
Fitting RNA synthesis probabilities.
Ran tf_condition_specs in 555 s
Fitting condition CPLX-125__active
Fitting condition CPLX-125__inactive
Fitting condition CPLX-172__active
Fitting condition CPLX-172__inactive
Fitting condition CPLX0-226__active
Fitting condition CPLX0-226__inactive
Fitting condition CPLX0-228__active
Fitting condition CPLX0-228__inactive
Fitting condition CPLX0-7669__active
Fitting condition CPLX0-7669__inactive
Fitting condition CPLX0-7705__active
Fitting condition CPLX0-7705__inactive
Fitting condition CPLX0-7740__active
Fitting condition CPLX0-7740__inactive
Fitting condition CPLX0-7796__active
Fitting condition CPLX0-7796__inactive
Fitting condition CPLX0-7916__active
Fitting condition CPLX0-7916__inactive
Fitting condition EG12123-MONOMER__active
Fitting condition EG12123-MONOMER__inactive
Fitting condition FNR-4FE-4S-CPLX__active
Fitting condition FNR-4FE-4S-CPLX__inactive
Fitting condition MONOMER0-155__active
Fitting condition MONOMER0-155__inactive
Fitting condition MONOMER0-160__active
Fitting condition MONOMER0-160__inactive
Fitting condition MONOMER0-162__active
Fitting condition MONOMER0-162__inactive
Fitting condition PC00010__active
Fitting condition PC00010__inactive
Fitting condition PC00027__active
Fitting condition PC00027__inactive
Fitting condition PD00288__active
Fitting condition PD00288__inactive
Fitting condition PD00519__active
Fitting condition PD00519__inactive
Fitting condition PHOSPHO-ARCA__active
Fitting condition PHOSPHO-ARCA__inactive
Fitting condition PHOSPHO-BAER__active
Fitting condition PHOSPHO-BAER__inactive
Fitting condition PHOSPHO-DCUR__active
Fitting condition PHOSPHO-DCUR__inactive
Fitting condition PHOSPHO-NARL__active
Fitting condition PHOSPHO-NARL__inactive
Fitting condition PUTA-CPLX__active
Fitting condition PUTA-CPLX__inactive
Fitting condition acetate
Fitting condition basal
Fitting condition no_oxygen
Fitting condition succinate
Fitting condition with_aa
Ran fit_condition in 1021 s
Fitting promoter binding
Warning: active condition does not have higher binding probability than inactive condition for EG12123-MONOMER (1.000 vs 1.000).
Ran promoter_binding in 24 s
Ran adjust_promoters in 0 s
Updating mass in condition CPLX-125__active
732.3394531487611 [fg] to 743.8293887895722 [fg]
Updating mass in condition CPLX-125__inactive
333.8257533317413 [fg] to 333.8257533317413 [fg]
Updating mass in condition CPLX-172__active
333.85003091604517 [fg] to 333.8319515282359 [fg]
Updating mass in condition CPLX-172__inactive
333.8257533317413 [fg] to 333.8257533317413 [fg]
Updating mass in condition CPLX0-226__active
90.17148332283321 [fg] to 90.17148332283321 [fg]
Updating mass in condition CPLX0-226__inactive
333.8257533317413 [fg] to 333.8257533317413 [fg]
Updating mass in condition CPLX0-228__active
732.3394531487611 [fg] to 743.8293887895722 [fg]
Updating mass in condition CPLX0-228__inactive
333.8257533317413 [fg] to 333.8257533317413 [fg]
Updating mass in condition CPLX0-7669__active
333.8257533317413 [fg] to 333.8257533317413 [fg]
Updating mass in condition CPLX0-7669__inactive
732.3394531487611 [fg] to 743.8293887895722 [fg]
Updating mass in condition CPLX0-7705__active
333.8257533317413 [fg] to 333.8257533317413 [fg]
Updating mass in condition CPLX0-7705__inactive
333.8257533317413 [fg] to 333.8257533317413 [fg]
Updating mass in condition CPLX0-7740__active
333.8257533317413 [fg] to 333.8257533317413 [fg]
Updating mass in condition CPLX0-7740__inactive
333.864362085582 [fg] to 333.83121921133477 [fg]
Updating mass in condition CPLX0-7796__active
732.3394531487611 [fg] to 743.8293887895722 [fg]
Updating mass in condition CPLX0-7796__inactive
333.8257533317413 [fg] to 333.8257533317413 [fg]
Updating mass in condition CPLX0-7916__active
333.8257533317413 [fg] to 333.8257533317413 [fg]
Updating mass in condition CPLX0-7916__inactive
333.8257533317413 [fg] to 333.8257533317413 [fg]
Updating mass in condition EG12123-MONOMER__active
333.8257533317413 [fg] to 333.8257533317413 [fg]
Updating mass in condition EG12123-MONOMER__inactive
732.3394531487611 [fg] to 743.8293887895722 [fg]
Updating mass in condition FNR-4FE-4S-CPLX__active
126.42396806261911 [fg] to 126.42396806261911 [fg]
Updating mass in condition FNR-4FE-4S-CPLX__inactive
333.8257533317413 [fg] to 333.8257533317413 [fg]
Updating mass in condition MONOMER0-155__active
732.3394531487611 [fg] to 743.8293887895722 [fg]
Updating mass in condition MONOMER0-155__inactive
333.8257533317413 [fg] to 333.8257533317413 [fg]
Updating mass in condition MONOMER0-160__active
333.8257533317413 [fg] to 333.8257533317413 [fg]
Updating mass in condition MONOMER0-160__inactive
333.8257533317413 [fg] to 333.8257533317413 [fg]
Updating mass in condition MONOMER0-162__active
/home/ig13470/.pyenv/versions/wcEcoli3/lib/python3.8/site-packages/aesara/graph/fg.py:525: UserWarning: Variable Elemwise{mul}.0 cannot be replaced; it isn't in the FunctionGraph
  warnings.warn(
/home/ig13470/.pyenv/versions/wcEcoli3/lib/python3.8/site-packages/aesara/graph/fg.py:525: UserWarning: Variable Elemwise{true_div}.0 cannot be replaced; it isn't in the FunctionGraph
  warnings.warn(
/home/ig13470/.pyenv/versions/wcEcoli3/lib/python3.8/site-packages/aesara/graph/fg.py:525: UserWarning: Variable Elemwise{mul}.0 cannot be replaced; it isn't in the FunctionGraph
  warnings.warn(
/home/ig13470/.pyenv/versions/wcEcoli3/lib/python3.8/site-packages/aesara/graph/fg.py:525: UserWarning: Variable Elemwise{true_div}.0 cannot be replaced; it isn't in the FunctionGraph
  warnings.warn(
/home/ig13470/.pyenv/versions/wcEcoli3/lib/python3.8/site-packages/aesara/graph/fg.py:525: UserWarning: Variable Elemwise{mul}.0 cannot be replaced; it isn't in the FunctionGraph
  warnings.warn(
/home/ig13470/.pyenv/versions/wcEcoli3/lib/python3.8/site-packages/aesara/graph/fg.py:525: UserWarning: Variable Elemwise{true_div}.0 cannot be replaced; it isn't in the FunctionGraph
  warnings.warn(
/home/ig13470/.pyenv/versions/wcEcoli3/lib/python3.8/site-packages/numpy/core/fromnumeric.py:3419: RuntimeWarning: Mean of empty slice.
  return _methods._mean(a, axis=axis, dtype=dtype,
/home/ig13470/.pyenv/versions/wcEcoli3/lib/python3.8/site-packages/numpy/core/_methods.py:188: RuntimeWarning: invalid value encountered in double_scalars
  ret = ret.dtype.type(ret / rcount)
/home/ig13470/.pyenv/versions/wcEcoli3/lib/python3.8/site-packages/scipy/integrate/odepack.py:247: ODEintWarning: Excess work done on this call (perhaps wrong Dfun type). Run with full_output = 1 to get quantitative information.
  warnings.warn(warning_msg, ODEintWarning)
/home/ig13470/Documents/wcm_feb2023/wcEcoli/reconstruction/ecoli/dataclasses/process/transcription.py:1766: RuntimeWarning: invalid value encountered in true_divide
  tf_adjustments[condition] = delta[adjusted_mask] / condition_prob[adjusted_mask]
732.3394531487611 [fg] to 743.8293887895722 [fg]
Updating mass in condition MONOMER0-162__inactive
333.8257533317413 [fg] to 333.8257533317413 [fg]
Updating mass in condition PC00010__active
333.8257533317413 [fg] to 333.8257533317413 [fg]
Updating mass in condition PC00010__inactive
333.8257533317413 [fg] to 333.8257533317413 [fg]
Updating mass in condition PC00027__active
333.8257533317413 [fg] to 333.8257533317413 [fg]
Updating mass in condition PC00027__inactive
333.8257533317413 [fg] to 333.8257533317413 [fg]
Updating mass in condition PD00288__active
333.8257533317413 [fg] to 333.8257533317413 [fg]
Updating mass in condition PD00288__inactive
333.8257533317413 [fg] to 333.8257533317413 [fg]
Updating mass in condition PD00519__active
333.8257533317413 [fg] to 333.8257533317413 [fg]
Updating mass in condition PD00519__inactive
333.8257533317413 [fg] to 333.8257533317413 [fg]
Updating mass in condition PHOSPHO-ARCA__active
126.42396806261911 [fg] to 126.42396806261911 [fg]
Updating mass in condition PHOSPHO-ARCA__inactive
333.8257533317413 [fg] to 333.8257533317413 [fg]
Updating mass in condition PHOSPHO-BAER__active
333.84469727778264 [fg] to 333.84469727778264 [fg]
Updating mass in condition PHOSPHO-BAER__inactive
333.8257533317413 [fg] to 333.8257533317413 [fg]
Updating mass in condition PHOSPHO-DCUR__active
155.0210781320235 [fg] to 155.0210781320235 [fg]
Updating mass in condition PHOSPHO-DCUR__inactive
333.8257533317413 [fg] to 333.8257533317413 [fg]
Updating mass in condition PHOSPHO-NARL__active
333.83577969109353 [fg] to 333.83577969109353 [fg]
Updating mass in condition PHOSPHO-NARL__inactive
333.8257533317413 [fg] to 333.8257533317413 [fg]
Updating mass in condition PUTA-CPLX__active
333.8257533317413 [fg] to 333.8257533317413 [fg]
Updating mass in condition PUTA-CPLX__inactive
732.3394531487611 [fg] to 743.8293887895722 [fg]
Updating mass in condition acetate
90.17148332283321 [fg] to 90.17148332283321 [fg]
Updating mass in condition basal
333.8257533317413 [fg] to 333.8257533317413 [fg]
Updating mass in condition no_oxygen
126.42396806261911 [fg] to 126.42396806261911 [fg]
Updating mass in condition succinate
155.0210781320235 [fg] to 155.0210781320235 [fg]
Updating mass in condition with_aa
732.3394531487611 [fg] to 743.8293887895722 [fg]
Ran set_conditions in 1 s
Ran final_adjustments in 27 s
Sat Feb 25 01:21:50 2023: Instantiating validation_data_raw
Sat Feb 25 01:21:51 2023: Saving validation_data_raw
Sat Feb 25 01:21:51 2023: Initializing Validation Data
Wrote: /home/ig13470/Documents/wcm_feb2023/wcEcoli/out/manual/kb
Sat Feb 25 01:21:52 2023: Elapsed time 1697.59 sec (0:28:17.587973); CPU 1695.04 sec
